C:\USERS\OSCAR\DESKTOP\QT_OPENGL_FRAMEWORK\QT_OPENGL_FRAMEWORK\DEBUG\APPLICATION.OBJ
C:\Users\Oscar\Desktop\Qt_Opengl_Framework\Qt_Opengl_Framework\Debug\cl.command.1.tlog
C:\Users\Oscar\Desktop\Qt_Opengl_Framework\Qt_Opengl_Framework\Debug\CL.read.1.tlog
C:\Users\Oscar\Desktop\Qt_Opengl_Framework\Qt_Opengl_Framework\Debug\CL.write.1.tlog
C:\Users\Oscar\Desktop\Qt_Opengl_Framework\Qt_Opengl_Framework\Debug\custombuild.command.1.tlog
C:\Users\Oscar\Desktop\Qt_Opengl_Framework\Qt_Opengl_Framework\Debug\custombuild.read.1.tlog
C:\Users\Oscar\Desktop\Qt_Opengl_Framework\Qt_Opengl_Framework\Debug\custombuild.write.1.tlog
C:\Users\Oscar\Desktop\Qt_Opengl_Framework\Qt_Opengl_Framework\Debug\link.command.1.tlog
C:\Users\Oscar\Desktop\Qt_Opengl_Framework\Qt_Opengl_Framework\Debug\link.read.1.tlog
C:\Users\Oscar\Desktop\Qt_Opengl_Framework\Qt_Opengl_Framework\Debug\link.write.1.tlog
C:\USERS\OSCAR\DESKTOP\QT_OPENGL_FRAMEWORK\QT_OPENGL_FRAMEWORK\DEBUG\MAIN.OBJ
C:\USERS\OSCAR\DESKTOP\QT_OPENGL_FRAMEWORK\QT_OPENGL_FRAMEWORK\DEBUG\MB.OBJ
C:\USERS\OSCAR\DESKTOP\QT_OPENGL_FRAMEWORK\QT_OPENGL_FRAMEWORK\DEBUG\MOC_MB.OBJ
C:\USERS\OSCAR\DESKTOP\QT_OPENGL_FRAMEWORK\QT_OPENGL_FRAMEWORK\DEBUG\MOC_OPENGLRENDERTHREAD.OBJ
C:\USERS\OSCAR\DESKTOP\QT_OPENGL_FRAMEWORK\QT_OPENGL_FRAMEWORK\DEBUG\MOC_OPENGLWIDGET.OBJ
C:\USERS\OSCAR\DESKTOP\QT_OPENGL_FRAMEWORK\QT_OPENGL_FRAMEWORK\DEBUG\MOC_QT_OPENGL_FRAMEWORK.OBJ
C:\Users\Oscar\Desktop\Qt_Opengl_Framework\Qt_Opengl_Framework\Debug\mt.command.1.tlog
C:\Users\Oscar\Desktop\Qt_Opengl_Framework\Qt_Opengl_Framework\Debug\mt.read.1.tlog
C:\Users\Oscar\Desktop\Qt_Opengl_Framework\Qt_Opengl_Framework\Debug\mt.write.1.tlog
C:\USERS\OSCAR\DESKTOP\QT_OPENGL_FRAMEWORK\QT_OPENGL_FRAMEWORK\DEBUG\OPENGLRENDERTHREAD.OBJ
C:\USERS\OSCAR\DESKTOP\QT_OPENGL_FRAMEWORK\QT_OPENGL_FRAMEWORK\DEBUG\OPENGLWIDGET.OBJ
C:\USERS\OSCAR\DESKTOP\QT_OPENGL_FRAMEWORK\QT_OPENGL_FRAMEWORK\DEBUG\QRC_QT_OPENGL_FRAMEWORK.OBJ
C:\Users\Oscar\Desktop\Qt_Opengl_Framework\Qt_Opengl_Framework\Debug\Qt_Opengl_Framework.exe.intermediate.manifest
C:\USERS\OSCAR\DESKTOP\QT_OPENGL_FRAMEWORK\QT_OPENGL_FRAMEWORK\DEBUG\QT_OPENGL_FRAMEWORK.OBJ
C:\Users\Oscar\Desktop\Qt_Opengl_Framework\Qt_Opengl_Framework\Debug\Qt_Opengl_Framework.vcxprojResolveAssemblyReference.cache
C:\Users\Oscar\Desktop\Qt_Opengl_Framework\Qt_Opengl_Framework\Debug\Qt_Opengl_Framework.write.1.tlog
C:\USERS\OSCAR\DESKTOP\QT_OPENGL_FRAMEWORK\QT_OPENGL_FRAMEWORK\DEBUG\VC100.PDB
C:\USERS\OSCAR\DESKTOP\QT_OPENGL_FRAMEWORK\QT_OPENGL_FRAMEWORK\GENERATEDFILES\DEBUG\MOC_MB.CPP
C:\USERS\OSCAR\DESKTOP\QT_OPENGL_FRAMEWORK\QT_OPENGL_FRAMEWORK\GENERATEDFILES\DEBUG\MOC_OPENGLRENDERTHREAD.CPP
C:\USERS\OSCAR\DESKTOP\QT_OPENGL_FRAMEWORK\QT_OPENGL_FRAMEWORK\GENERATEDFILES\DEBUG\MOC_OPENGLWIDGET.CPP
C:\USERS\OSCAR\DESKTOP\QT_OPENGL_FRAMEWORK\QT_OPENGL_FRAMEWORK\GENERATEDFILES\DEBUG\MOC_QT_OPENGL_FRAMEWORK.CPP
C:\USERS\OSCAR\DESKTOP\QT_OPENGL_FRAMEWORK\QT_OPENGL_FRAMEWORK\GENERATEDFILES\QRC_QT_OPENGL_FRAMEWORK.CPP
C:\USERS\OSCAR\DESKTOP\QT_OPENGL_FRAMEWORK\QT_OPENGL_FRAMEWORK\GENERATEDFILES\UI_ABOUT.H
C:\USERS\OSCAR\DESKTOP\QT_OPENGL_FRAMEWORK\QT_OPENGL_FRAMEWORK\GENERATEDFILES\UI_PROMPT.H
C:\USERS\OSCAR\DESKTOP\QT_OPENGL_FRAMEWORK\QT_OPENGL_FRAMEWORK\GENERATEDFILES\UI_QT_OPENGL_FRAMEWORK.H
C:\USERS\OSCAR\DESKTOP\QT_OPENGL_FRAMEWORK\WIN32\DEBUG\QT_OPENGL_FRAMEWORK.EXE
C:\Users\Oscar\Desktop\Qt_Opengl_Framework\Win32\Debug\Qt_Opengl_Framework.pdb
D:\DESKTOP\QT_OGRE_FRAMEWORK\QT_OPENGL_FRAMEWORK\DEBUG\APPLICATION.OBJ
D:\DESKTOP\QT_OGRE_FRAMEWORK\QT_OPENGL_FRAMEWORK\DEBUG\MAIN.OBJ
D:\DESKTOP\QT_OGRE_FRAMEWORK\QT_OPENGL_FRAMEWORK\DEBUG\MB.OBJ
D:\DESKTOP\QT_OGRE_FRAMEWORK\QT_OPENGL_FRAMEWORK\DEBUG\MOC_MB.OBJ
D:\DESKTOP\QT_OGRE_FRAMEWORK\QT_OPENGL_FRAMEWORK\DEBUG\MOC_OPENGLRENDERTHREAD.OBJ
D:\DESKTOP\QT_OGRE_FRAMEWORK\QT_OPENGL_FRAMEWORK\DEBUG\MOC_OPENGLWIDGET.OBJ
D:\DESKTOP\QT_OGRE_FRAMEWORK\QT_OPENGL_FRAMEWORK\DEBUG\MOC_QT_OPENGL_FRAMEWORK.OBJ
D:\DESKTOP\QT_OGRE_FRAMEWORK\QT_OPENGL_FRAMEWORK\DEBUG\OPENGLRENDERTHREAD.OBJ
D:\DESKTOP\QT_OGRE_FRAMEWORK\QT_OPENGL_FRAMEWORK\DEBUG\OPENGLWIDGET.OBJ
D:\DESKTOP\QT_OGRE_FRAMEWORK\QT_OPENGL_FRAMEWORK\DEBUG\QRC_QT_OPENGL_FRAMEWORK.OBJ
D:\DESKTOP\QT_OGRE_FRAMEWORK\QT_OPENGL_FRAMEWORK\DEBUG\QT_OPENGL_FRAMEWORK.EXE.INTERMEDIATE.MANIFEST
D:\DESKTOP\QT_OGRE_FRAMEWORK\QT_OPENGL_FRAMEWORK\DEBUG\QT_OPENGL_FRAMEWORK.OBJ
D:\DESKTOP\QT_OGRE_FRAMEWORK\QT_OPENGL_FRAMEWORK\DEBUG\VC100.PDB
D:\DESKTOP\QT_OGRE_FRAMEWORK\QT_OPENGL_FRAMEWORK\GENERATEDFILES\DEBUG\MOC_MB.CPP
D:\DESKTOP\QT_OGRE_FRAMEWORK\QT_OPENGL_FRAMEWORK\GENERATEDFILES\DEBUG\MOC_OPENGLRENDERTHREAD.CPP
D:\DESKTOP\QT_OGRE_FRAMEWORK\QT_OPENGL_FRAMEWORK\GENERATEDFILES\DEBUG\MOC_OPENGLWIDGET.CPP
D:\DESKTOP\QT_OGRE_FRAMEWORK\QT_OPENGL_FRAMEWORK\GENERATEDFILES\DEBUG\MOC_QT_OPENGL_FRAMEWORK.CPP
D:\DESKTOP\QT_OGRE_FRAMEWORK\QT_OPENGL_FRAMEWORK\GENERATEDFILES\QRC_QT_OPENGL_FRAMEWORK.CPP
D:\DESKTOP\QT_OGRE_FRAMEWORK\QT_OPENGL_FRAMEWORK\GENERATEDFILES\UI_ABOUT.H
D:\DESKTOP\QT_OGRE_FRAMEWORK\QT_OPENGL_FRAMEWORK\GENERATEDFILES\UI_PROMPT.H
D:\DESKTOP\QT_OGRE_FRAMEWORK\QT_OPENGL_FRAMEWORK\GENERATEDFILES\UI_QT_OPENGL_FRAMEWORK.H
D:\DESKTOP\QT_OGRE_FRAMEWORK\WIN32\DEBUG\QT_OPENGL_FRAMEWORK.EXE
D:\DESKTOP\QT_OGRE_FRAMEWORK\WIN32\DEBUG\QT_OPENGL_FRAMEWORK.ILK
D:\DESKTOP\QT_OGRE_FRAMEWORK\WIN32\DEBUG\QT_OPENGL_FRAMEWORK.PDB
